<?xml version="1.0" encoding="UTF-8"?>
<testsuites name="Mocha Tests" time="1.8370" tests="1" failures="0">
  <testsuite name="Root Suite" timestamp="2021-02-10T03:21:48" tests="0" file="cypress\integration\CreateToDo.feature" time="0.0000" failures="0">
  </testsuite>
  <testsuite name="Create ToDo List" timestamp="2021-02-10T03:21:48" tests="1" time="1.8370" failures="0">
    <testcase name="Create ToDo List Test create list functinality (example #1)" time="1.8370" classname="Test create list functinality (example #1)">
    </testcase>
  </testsuite>
</testsuites>