<?xml version="1.0" encoding="UTF-8"?>
<testsuites name="Mocha Tests" time="0.0000" tests="1" failures="1">
  <testsuite name="Root Suite" timestamp="2021-02-10T23:58:14" tests="0" file="cypress\integration\CreateToDo.feature" time="0.0000" failures="0">
  </testsuite>
  <testsuite name="Create ToDo List" timestamp="2021-02-10T23:58:14" tests="1" time="0.0000" failures="1">
    <testcase name="Create ToDo List Test create list functionality (example #1)" time="0.0000" classname="Test create list functionality (example #1)">
      <failure message="`cy.contains()` can only accept a string, number or regular expression.

https://on.cypress.io/contains" type="CypressError"><![CDATA[CypressError: `cy.contains()` can only accept a string, number or regular expression.

https://on.cypress.io/contains
    at Context.contains (https://todomvc.com/__cypress/runner/cypress_runner.js:158835:19)
    at Context.<anonymous> (https://todomvc.com/__cypress/runner/cypress_runner.js:170619:21)
From Your Spec Code:
    at Context.eval (https://todomvc.com/__cypress/tests?p=cypress\support\index.js:22:19)
From Your Spec Code:
    at Context.eval (https://todomvc.com/__cypress/tests?p=cypress\support\index.js:22:19)]]></failure>
    </testcase>
  </testsuite>
</testsuites>